<?xml version="1.0" encoding="UTF-8"?>
<testng-results skipped="0" failed="0" total="3" passed="3">
  <reporter-output>
  </reporter-output>
  <suite name="Default suite" duration-ms="17127" started-at="2021-07-22T12:26:42Z" finished-at="2021-07-22T12:26:59Z">
    <groups>
    </groups>
    <test name="Default test" duration-ms="17127" started-at="2021-07-22T12:26:42Z" finished-at="2021-07-22T12:26:59Z">
      <class name="TestNGprograms.MouseeventAssignment">
        <test-method status="PASS" signature="Browser()[pri:0, instance:TestNGprograms.MouseeventAssignment@68be2bc2]" name="Browser" duration-ms="7869" started-at="2021-07-22T17:56:42Z" finished-at="2021-07-22T17:56:50Z">
          <reporter-output>
          </reporter-output>
        </test-method> <!-- Browser -->
        <test-method status="PASS" signature="KeyDownEvents()[pri:0, instance:TestNGprograms.MouseeventAssignment@68be2bc2]" name="KeyDownEvents" duration-ms="4678" started-at="2021-07-22T17:56:50Z" depends-on-methods="TestNGprograms.MouseeventAssignment.Browser" finished-at="2021-07-22T17:56:54Z">
          <reporter-output>
          </reporter-output>
        </test-method> <!-- KeyDownEvents -->
        <test-method status="PASS" signature="KeyUpEvents()[pri:0, instance:TestNGprograms.MouseeventAssignment@68be2bc2]" name="KeyUpEvents" duration-ms="4545" started-at="2021-07-22T17:56:54Z" depends-on-methods="TestNGprograms.MouseeventAssignment.KeyDownEvents" finished-at="2021-07-22T17:56:59Z">
          <reporter-output>
          </reporter-output>
        </test-method> <!-- KeyUpEvents -->
      </class> <!-- TestNGprograms.MouseeventAssignment -->
    </test> <!-- Default test -->
  </suite> <!-- Default suite -->
</testng-results>
