<?xml version="1.0" encoding="UTF-8"?>
<testng-results skipped="0" failed="0" total="4" passed="4">
  <reporter-output>
  </reporter-output>
  <suite name="Default suite" duration-ms="162" started-at="2022-06-27T11:06:40Z" finished-at="2022-06-27T11:06:40Z">
    <groups>
    </groups>
    <test name="Default test" duration-ms="162" started-at="2022-06-27T11:06:40Z" finished-at="2022-06-27T11:06:40Z">
      <class name="selenium.TestngGroup">
        <test-method status="PASS" signature="testfour()[pri:0, instance:selenium.TestngGroup@1e397ed7]" name="testfour" duration-ms="30" started-at="2022-06-27T16:36:40Z" finished-at="2022-06-27T16:36:40Z">
          <reporter-output>
          </reporter-output>
        </test-method> <!-- testfour -->
        <test-method status="PASS" signature="testone()[pri:0, instance:selenium.TestngGroup@1e397ed7]" name="testone" duration-ms="9" started-at="2022-06-27T16:36:40Z" finished-at="2022-06-27T16:36:40Z">
          <reporter-output>
          </reporter-output>
        </test-method> <!-- testone -->
        <test-method status="PASS" signature="testthree()[pri:0, instance:selenium.TestngGroup@1e397ed7]" name="testthree" duration-ms="24" started-at="2022-06-27T16:36:40Z" finished-at="2022-06-27T16:36:40Z">
          <reporter-output>
          </reporter-output>
        </test-method> <!-- testthree -->
        <test-method status="PASS" signature="testtwo(java.lang.String)[pri:0, instance:selenium.TestngGroup@1e397ed7]" name="testtwo" duration-ms="4" started-at="2022-06-27T16:36:40Z" finished-at="2022-06-27T16:36:40Z">
          <params>
            <param index="0">
              <value>
                <![CDATA[wgd9876]]>
              </value>
            </param>
          </params>
          <reporter-output>
          </reporter-output>
        </test-method> <!-- testtwo -->
      </class> <!-- selenium.TestngGroup -->
    </test> <!-- Default test -->
  </suite> <!-- Default suite -->
</testng-results>
