<?xml version="1.0" encoding="UTF-8"?>
<!-- Generated by org.testng.reporters.JUnitXMLReporter -->
<testsuite hostname="Pallavi1605" name="Default test" tests="3" failures="0" timestamp="22 Jul 2021 12:26:59 GMT" time="17.127" errors="0">
  <testcase name="Browser" time="7.869" classname="TestNGprograms.MouseeventAssignment"/>
  <testcase name="KeyDownEvents" time="4.678" classname="TestNGprograms.MouseeventAssignment"/>
  <testcase name="KeyUpEvents" time="4.545" classname="TestNGprograms.MouseeventAssignment"/>
</testsuite> <!-- Default test -->
